<?xml version="1.0" encoding="UTF-8"?>
<testsuite xmlns:xsi="http://www.w3.org/2001/XMLSchema-instance" xsi:noNamespaceSchemaLocation="https://maven.apache.org/surefire/maven-surefire-plugin/xsd/surefire-test-report-3.0.xsd" version="3.0" name="com.colamanlabs.netty.AppTest" time="0.012" tests="1" errors="0" skipped="0" failures="0">
  <properties>
    <property name="java.specification.version" value="17"/>
    <property name="sun.cpu.isalist" value="amd64"/>
    <property name="sun.jnu.encoding" value="MS949"/>
    <property name="java.class.path" value="C:\WORKS\WORKS_INTELLIJ_IDEA\WORKSPACE_INTELLIJ_IDEA_2000\test_20250929\target\test-classes;C:\WORKS\WORKS_INTELLIJ_IDEA\WORKSPACE_INTELLIJ_IDEA_2000\test_20250929\target\classes;C:\Users\colaman\.m2\repository\junit\junit\3.8.1\junit-3.8.1.jar;C:\Users\colaman\.m2\repository\org\projectlombok\lombok\1.18.42\lombok-1.18.42.jar;C:\Users\colaman\.m2\repository\org\slf4j\slf4j-api\2.0.17\slf4j-api-2.0.17.jar;C:\Users\colaman\.m2\repository\ch\qos\logback\logback-classic\1.5.18\logback-classic-1.5.18.jar;C:\Users\colaman\.m2\repository\ch\qos\logback\logback-core\1.5.18\logback-core-1.5.18.jar;C:\Users\colaman\.m2\repository\io\netty\netty-all\4.2.6.Final\netty-all-4.2.6.Final.jar;C:\Users\colaman\.m2\repository\io\netty\netty-buffer\4.2.6.Final\netty-buffer-4.2.6.Final.jar;C:\Users\colaman\.m2\repository\io\netty\netty-codec-base\4.2.6.Final\netty-codec-base-4.2.6.Final.jar;C:\Users\colaman\.m2\repository\io\netty\netty-codec\4.2.6.Final\netty-codec-4.2.6.Final.jar;C:\Users\colaman\.m2\repository\io\netty\netty-codec-dns\4.2.6.Final\netty-codec-dns-4.2.6.Final.jar;C:\Users\colaman\.m2\repository\io\netty\netty-codec-haproxy\4.2.6.Final\netty-codec-haproxy-4.2.6.Final.jar;C:\Users\colaman\.m2\repository\io\netty\netty-codec-compression\4.2.6.Final\netty-codec-compression-4.2.6.Final.jar;C:\Users\colaman\.m2\repository\io\netty\netty-codec-http\4.2.6.Final\netty-codec-http-4.2.6.Final.jar;C:\Users\colaman\.m2\repository\io\netty\netty-codec-http2\4.2.6.Final\netty-codec-http2-4.2.6.Final.jar;C:\Users\colaman\.m2\repository\io\netty\netty-codec-http3\4.2.6.Final\netty-codec-http3-4.2.6.Final.jar;C:\Users\colaman\.m2\repository\org\jctools\jctools-core\4.0.5\jctools-core-4.0.5.jar;C:\Users\colaman\.m2\repository\io\netty\netty-transport-native-unix-common\4.2.6.Final\netty-transport-native-unix-common-4.2.6.Final.jar;C:\Users\colaman\.m2\repository\org\bouncycastle\bcprov-jdk18on\1.80\bcprov-jdk18on-1.80.jar;C:\Users\colaman\.m2\repository\io\netty\netty-codec-memcache\4.2.6.Final\netty-codec-memcache-4.2.6.Final.jar;C:\Users\colaman\.m2\repository\io\netty\netty-codec-mqtt\4.2.6.Final\netty-codec-mqtt-4.2.6.Final.jar;C:\Users\colaman\.m2\repository\io\netty\netty-codec-redis\4.2.6.Final\netty-codec-redis-4.2.6.Final.jar;C:\Users\colaman\.m2\repository\io\netty\netty-codec-smtp\4.2.6.Final\netty-codec-smtp-4.2.6.Final.jar;C:\Users\colaman\.m2\repository\io\netty\netty-codec-socks\4.2.6.Final\netty-codec-socks-4.2.6.Final.jar;C:\Users\colaman\.m2\repository\io\netty\netty-codec-stomp\4.2.6.Final\netty-codec-stomp-4.2.6.Final.jar;C:\Users\colaman\.m2\repository\io\netty\netty-codec-xml\4.2.6.Final\netty-codec-xml-4.2.6.Final.jar;C:\Users\colaman\.m2\repository\io\netty\netty-codec-protobuf\4.2.6.Final\netty-codec-protobuf-4.2.6.Final.jar;C:\Users\colaman\.m2\repository\io\netty\netty-codec-marshalling\4.2.6.Final\netty-codec-marshalling-4.2.6.Final.jar;C:\Users\colaman\.m2\repository\io\netty\netty-common\4.2.6.Final\netty-common-4.2.6.Final.jar;C:\Users\colaman\.m2\repository\io\netty\netty-handler\4.2.6.Final\netty-handler-4.2.6.Final.jar;C:\Users\colaman\.m2\repository\io\netty\netty-handler-proxy\4.2.6.Final\netty-handler-proxy-4.2.6.Final.jar;C:\Users\colaman\.m2\repository\io\netty\netty-handler-ssl-ocsp\4.2.6.Final\netty-handler-ssl-ocsp-4.2.6.Final.jar;C:\Users\colaman\.m2\repository\io\netty\netty-resolver\4.2.6.Final\netty-resolver-4.2.6.Final.jar;C:\Users\colaman\.m2\repository\io\netty\netty-resolver-dns\4.2.6.Final\netty-resolver-dns-4.2.6.Final.jar;C:\Users\colaman\.m2\repository\io\netty\netty-transport\4.2.6.Final\netty-transport-4.2.6.Final.jar;C:\Users\colaman\.m2\repository\io\netty\netty-transport-rxtx\4.2.6.Final\netty-transport-rxtx-4.2.6.Final.jar;C:\Users\colaman\.m2\repository\io\netty\netty-transport-sctp\4.2.6.Final\netty-transport-sctp-4.2.6.Final.jar;C:\Users\colaman\.m2\repository\io\netty\netty-transport-udt\4.2.6.Final\netty-transport-udt-4.2.6.Final.jar;C:\Users\colaman\.m2\repository\io\netty\netty-transport-classes-epoll\4.2.6.Final\netty-transport-classes-epoll-4.2.6.Final.jar;C:\Users\colaman\.m2\repository\io\netty\netty-transport-classes-kqueue\4.2.6.Final\netty-transport-classes-kqueue-4.2.6.Final.jar;C:\Users\colaman\.m2\repository\io\netty\netty-resolver-dns-classes-macos\4.2.6.Final\netty-resolver-dns-classes-macos-4.2.6.Final.jar;C:\Users\colaman\.m2\repository\io\netty\netty-transport-classes-io_uring\4.2.6.Final\netty-transport-classes-io_uring-4.2.6.Final.jar;C:\Users\colaman\.m2\repository\io\netty\netty-codec-classes-quic\4.2.6.Final\netty-codec-classes-quic-4.2.6.Final.jar;C:\Users\colaman\.m2\repository\io\netty\netty-transport-native-epoll\4.2.6.Final\netty-transport-native-epoll-4.2.6.Final-linux-x86_64.jar;C:\Users\colaman\.m2\repository\io\netty\netty-transport-native-epoll\4.2.6.Final\netty-transport-native-epoll-4.2.6.Final-linux-aarch_64.jar;C:\Users\colaman\.m2\repository\io\netty\netty-transport-native-epoll\4.2.6.Final\netty-transport-native-epoll-4.2.6.Final-linux-riscv64.jar;C:\Users\colaman\.m2\repository\io\netty\netty-transport-native-io_uring\4.2.6.Final\netty-transport-native-io_uring-4.2.6.Final-linux-x86_64.jar;C:\Users\colaman\.m2\repository\io\netty\netty-transport-native-io_uring\4.2.6.Final\netty-transport-native-io_uring-4.2.6.Final-linux-aarch_64.jar;C:\Users\colaman\.m2\repository\io\netty\netty-transport-native-io_uring\4.2.6.Final\netty-transport-native-io_uring-4.2.6.Final-linux-riscv64.jar;C:\Users\colaman\.m2\repository\io\netty\netty-transport-native-kqueue\4.2.6.Final\netty-transport-native-kqueue-4.2.6.Final-osx-x86_64.jar;C:\Users\colaman\.m2\repository\io\netty\netty-transport-native-kqueue\4.2.6.Final\netty-transport-native-kqueue-4.2.6.Final-osx-aarch_64.jar;C:\Users\colaman\.m2\repository\io\netty\netty-resolver-dns-native-macos\4.2.6.Final\netty-resolver-dns-native-macos-4.2.6.Final-osx-x86_64.jar;C:\Users\colaman\.m2\repository\io\netty\netty-resolver-dns-native-macos\4.2.6.Final\netty-resolver-dns-native-macos-4.2.6.Final-osx-aarch_64.jar;C:\Users\colaman\.m2\repository\io\netty\netty-codec-native-quic\4.2.6.Final\netty-codec-native-quic-4.2.6.Final-linux-x86_64.jar;C:\Users\colaman\.m2\repository\io\netty\netty-codec-native-quic\4.2.6.Final\netty-codec-native-quic-4.2.6.Final-linux-aarch_64.jar;C:\Users\colaman\.m2\repository\io\netty\netty-codec-native-quic\4.2.6.Final\netty-codec-native-quic-4.2.6.Final-osx-x86_64.jar;C:\Users\colaman\.m2\repository\io\netty\netty-codec-native-quic\4.2.6.Final\netty-codec-native-quic-4.2.6.Final-osx-aarch_64.jar;C:\Users\colaman\.m2\repository\io\netty\netty-codec-native-quic\4.2.6.Final\netty-codec-native-quic-4.2.6.Final-windows-x86_64.jar;"/>
    <property name="java.vm.vendor" value="Eclipse Adoptium"/>
    <property name="sun.arch.data.model" value="64"/>
    <property name="user.variant" value=""/>
    <property name="java.vendor.url" value="https://adoptium.net/"/>
    <property name="user.timezone" value="Asia/Seoul"/>
    <property name="os.name" value="Windows 11"/>
    <property name="java.vm.specification.version" value="17"/>
    <property name="user.country" value="KR"/>
    <property name="sun.java.launcher" value="SUN_STANDARD"/>
    <property name="sun.boot.library.path" value="C:\WORKS\WORKS_JAVA_COMMON\JDK\openjdk_temurin\jdk-17.0.15+6\bin"/>
    <property name="sun.java.command" value="C:\Users\colaman\AppData\Local\Temp\surefire650948226000556078\surefirebooter-20250929205951263_3.jar C:\Users\colaman\AppData\Local\Temp\surefire650948226000556078 2025-09-29T20-59-51_054-jvmRun1 surefire-20250929205951263_1tmp surefire_0-20250929205951263_2tmp"/>
    <property name="jdk.debug" value="release"/>
    <property name="surefire.test.class.path" value="C:\WORKS\WORKS_INTELLIJ_IDEA\WORKSPACE_INTELLIJ_IDEA_2000\test_20250929\target\test-classes;C:\WORKS\WORKS_INTELLIJ_IDEA\WORKSPACE_INTELLIJ_IDEA_2000\test_20250929\target\classes;C:\Users\colaman\.m2\repository\junit\junit\3.8.1\junit-3.8.1.jar;C:\Users\colaman\.m2\repository\org\projectlombok\lombok\1.18.42\lombok-1.18.42.jar;C:\Users\colaman\.m2\repository\org\slf4j\slf4j-api\2.0.17\slf4j-api-2.0.17.jar;C:\Users\colaman\.m2\repository\ch\qos\logback\logback-classic\1.5.18\logback-classic-1.5.18.jar;C:\Users\colaman\.m2\repository\ch\qos\logback\logback-core\1.5.18\logback-core-1.5.18.jar;C:\Users\colaman\.m2\repository\io\netty\netty-all\4.2.6.Final\netty-all-4.2.6.Final.jar;C:\Users\colaman\.m2\repository\io\netty\netty-buffer\4.2.6.Final\netty-buffer-4.2.6.Final.jar;C:\Users\colaman\.m2\repository\io\netty\netty-codec-base\4.2.6.Final\netty-codec-base-4.2.6.Final.jar;C:\Users\colaman\.m2\repository\io\netty\netty-codec\4.2.6.Final\netty-codec-4.2.6.Final.jar;C:\Users\colaman\.m2\repository\io\netty\netty-codec-dns\4.2.6.Final\netty-codec-dns-4.2.6.Final.jar;C:\Users\colaman\.m2\repository\io\netty\netty-codec-haproxy\4.2.6.Final\netty-codec-haproxy-4.2.6.Final.jar;C:\Users\colaman\.m2\repository\io\netty\netty-codec-compression\4.2.6.Final\netty-codec-compression-4.2.6.Final.jar;C:\Users\colaman\.m2\repository\io\netty\netty-codec-http\4.2.6.Final\netty-codec-http-4.2.6.Final.jar;C:\Users\colaman\.m2\repository\io\netty\netty-codec-http2\4.2.6.Final\netty-codec-http2-4.2.6.Final.jar;C:\Users\colaman\.m2\repository\io\netty\netty-codec-http3\4.2.6.Final\netty-codec-http3-4.2.6.Final.jar;C:\Users\colaman\.m2\repository\org\jctools\jctools-core\4.0.5\jctools-core-4.0.5.jar;C:\Users\colaman\.m2\repository\io\netty\netty-transport-native-unix-common\4.2.6.Final\netty-transport-native-unix-common-4.2.6.Final.jar;C:\Users\colaman\.m2\repository\org\bouncycastle\bcprov-jdk18on\1.80\bcprov-jdk18on-1.80.jar;C:\Users\colaman\.m2\repository\io\netty\netty-codec-memcache\4.2.6.Final\netty-codec-memcache-4.2.6.Final.jar;C:\Users\colaman\.m2\repository\io\netty\netty-codec-mqtt\4.2.6.Final\netty-codec-mqtt-4.2.6.Final.jar;C:\Users\colaman\.m2\repository\io\netty\netty-codec-redis\4.2.6.Final\netty-codec-redis-4.2.6.Final.jar;C:\Users\colaman\.m2\repository\io\netty\netty-codec-smtp\4.2.6.Final\netty-codec-smtp-4.2.6.Final.jar;C:\Users\colaman\.m2\repository\io\netty\netty-codec-socks\4.2.6.Final\netty-codec-socks-4.2.6.Final.jar;C:\Users\colaman\.m2\repository\io\netty\netty-codec-stomp\4.2.6.Final\netty-codec-stomp-4.2.6.Final.jar;C:\Users\colaman\.m2\repository\io\netty\netty-codec-xml\4.2.6.Final\netty-codec-xml-4.2.6.Final.jar;C:\Users\colaman\.m2\repository\io\netty\netty-codec-protobuf\4.2.6.Final\netty-codec-protobuf-4.2.6.Final.jar;C:\Users\colaman\.m2\repository\io\netty\netty-codec-marshalling\4.2.6.Final\netty-codec-marshalling-4.2.6.Final.jar;C:\Users\colaman\.m2\repository\io\netty\netty-common\4.2.6.Final\netty-common-4.2.6.Final.jar;C:\Users\colaman\.m2\repository\io\netty\netty-handler\4.2.6.Final\netty-handler-4.2.6.Final.jar;C:\Users\colaman\.m2\repository\io\netty\netty-handler-proxy\4.2.6.Final\netty-handler-proxy-4.2.6.Final.jar;C:\Users\colaman\.m2\repository\io\netty\netty-handler-ssl-ocsp\4.2.6.Final\netty-handler-ssl-ocsp-4.2.6.Final.jar;C:\Users\colaman\.m2\repository\io\netty\netty-resolver\4.2.6.Final\netty-resolver-4.2.6.Final.jar;C:\Users\colaman\.m2\repository\io\netty\netty-resolver-dns\4.2.6.Final\netty-resolver-dns-4.2.6.Final.jar;C:\Users\colaman\.m2\repository\io\netty\netty-transport\4.2.6.Final\netty-transport-4.2.6.Final.jar;C:\Users\colaman\.m2\repository\io\netty\netty-transport-rxtx\4.2.6.Final\netty-transport-rxtx-4.2.6.Final.jar;C:\Users\colaman\.m2\repository\io\netty\netty-transport-sctp\4.2.6.Final\netty-transport-sctp-4.2.6.Final.jar;C:\Users\colaman\.m2\repository\io\netty\netty-transport-udt\4.2.6.Final\netty-transport-udt-4.2.6.Final.jar;C:\Users\colaman\.m2\repository\io\netty\netty-transport-classes-epoll\4.2.6.Final\netty-transport-classes-epoll-4.2.6.Final.jar;C:\Users\colaman\.m2\repository\io\netty\netty-transport-classes-kqueue\4.2.6.Final\netty-transport-classes-kqueue-4.2.6.Final.jar;C:\Users\colaman\.m2\repository\io\netty\netty-resolver-dns-classes-macos\4.2.6.Final\netty-resolver-dns-classes-macos-4.2.6.Final.jar;C:\Users\colaman\.m2\repository\io\netty\netty-transport-classes-io_uring\4.2.6.Final\netty-transport-classes-io_uring-4.2.6.Final.jar;C:\Users\colaman\.m2\repository\io\netty\netty-codec-classes-quic\4.2.6.Final\netty-codec-classes-quic-4.2.6.Final.jar;C:\Users\colaman\.m2\repository\io\netty\netty-transport-native-epoll\4.2.6.Final\netty-transport-native-epoll-4.2.6.Final-linux-x86_64.jar;C:\Users\colaman\.m2\repository\io\netty\netty-transport-native-epoll\4.2.6.Final\netty-transport-native-epoll-4.2.6.Final-linux-aarch_64.jar;C:\Users\colaman\.m2\repository\io\netty\netty-transport-native-epoll\4.2.6.Final\netty-transport-native-epoll-4.2.6.Final-linux-riscv64.jar;C:\Users\colaman\.m2\repository\io\netty\netty-transport-native-io_uring\4.2.6.Final\netty-transport-native-io_uring-4.2.6.Final-linux-x86_64.jar;C:\Users\colaman\.m2\repository\io\netty\netty-transport-native-io_uring\4.2.6.Final\netty-transport-native-io_uring-4.2.6.Final-linux-aarch_64.jar;C:\Users\colaman\.m2\repository\io\netty\netty-transport-native-io_uring\4.2.6.Final\netty-transport-native-io_uring-4.2.6.Final-linux-riscv64.jar;C:\Users\colaman\.m2\repository\io\netty\netty-transport-native-kqueue\4.2.6.Final\netty-transport-native-kqueue-4.2.6.Final-osx-x86_64.jar;C:\Users\colaman\.m2\repository\io\netty\netty-transport-native-kqueue\4.2.6.Final\netty-transport-native-kqueue-4.2.6.Final-osx-aarch_64.jar;C:\Users\colaman\.m2\repository\io\netty\netty-resolver-dns-native-macos\4.2.6.Final\netty-resolver-dns-native-macos-4.2.6.Final-osx-x86_64.jar;C:\Users\colaman\.m2\repository\io\netty\netty-resolver-dns-native-macos\4.2.6.Final\netty-resolver-dns-native-macos-4.2.6.Final-osx-aarch_64.jar;C:\Users\colaman\.m2\repository\io\netty\netty-codec-native-quic\4.2.6.Final\netty-codec-native-quic-4.2.6.Final-linux-x86_64.jar;C:\Users\colaman\.m2\repository\io\netty\netty-codec-native-quic\4.2.6.Final\netty-codec-native-quic-4.2.6.Final-linux-aarch_64.jar;C:\Users\colaman\.m2\repository\io\netty\netty-codec-native-quic\4.2.6.Final\netty-codec-native-quic-4.2.6.Final-osx-x86_64.jar;C:\Users\colaman\.m2\repository\io\netty\netty-codec-native-quic\4.2.6.Final\netty-codec-native-quic-4.2.6.Final-osx-aarch_64.jar;C:\Users\colaman\.m2\repository\io\netty\netty-codec-native-quic\4.2.6.Final\netty-codec-native-quic-4.2.6.Final-windows-x86_64.jar;"/>
    <property name="sun.cpu.endian" value="little"/>
    <property name="user.home" value="C:\Users\colaman"/>
    <property name="user.language" value="ko"/>
    <property name="java.specification.vendor" value="Oracle Corporation"/>
    <property name="java.version.date" value="2025-04-15"/>
    <property name="java.home" value="C:\WORKS\WORKS_JAVA_COMMON\JDK\openjdk_temurin\jdk-17.0.15+6"/>
    <property name="file.separator" value="\"/>
    <property name="style.color" value="always"/>
    <property name="basedir" value="C:\WORKS\WORKS_INTELLIJ_IDEA\WORKSPACE_INTELLIJ_IDEA_2000\test_20250929"/>
    <property name="java.vm.compressedOopsMode" value="Zero based"/>
    <property name="line.separator" value="&#10;"/>
    <property name="java.vm.specification.vendor" value="Oracle Corporation"/>
    <property name="java.specification.name" value="Java Platform API Specification"/>
    <property name="surefire.real.class.path" value="C:\Users\colaman\AppData\Local\Temp\surefire650948226000556078\surefirebooter-20250929205951263_3.jar"/>
    <property name="user.script" value=""/>
    <property name="sun.management.compiler" value="HotSpot 64-Bit Tiered Compilers"/>
    <property name="java.runtime.version" value="17.0.15+6"/>
    <property name="user.name" value="colaman"/>
    <property name="path.separator" value=";"/>
    <property name="os.version" value="10.0"/>
    <property name="java.runtime.name" value="OpenJDK Runtime Environment"/>
    <property name="file.encoding" value="MS949"/>
    <property name="java.vm.name" value="OpenJDK 64-Bit Server VM"/>
    <property name="java.vendor.version" value="Temurin-17.0.15+6"/>
    <property name="maven.ext.class.path" value="C:\WORKS\WORKS_INTELLIJ_IDEA\JetBrains\IntelliJ IDEA 2025.2.1\plugins\maven\lib\maven-event-listener.jar"/>
    <property name="localRepository" value="C:\Users\colaman\.m2\repository"/>
    <property name="java.vendor.url.bug" value="https://github.com/adoptium/adoptium-support/issues"/>
    <property name="java.io.tmpdir" value="C:\Users\colaman\AppData\Local\Temp\"/>
    <property name="idea.version" value="2025.2.2"/>
    <property name="java.version" value="17.0.15"/>
    <property name="user.dir" value="C:\WORKS\WORKS_INTELLIJ_IDEA\WORKSPACE_INTELLIJ_IDEA_2000\test_20250929"/>
    <property name="os.arch" value="amd64"/>
    <property name="jansi.passthrough" value="true"/>
    <property name="java.vm.specification.name" value="Java Virtual Machine Specification"/>
    <property name="sun.os.patch.level" value=""/>
    <property name="native.encoding" value="MS949"/>
    <property name="java.library.path" value="C:\WORKS\WORKS_JAVA_COMMON\JDK\openjdk_temurin\jdk-17.0.15+6\bin;C:\WINDOWS\Sun\Java\bin;C:\WINDOWS\system32;C:\WINDOWS;C:\Python313\Scripts\;C:\Python313\;C:\WORKS\WORKS_PYTHON\PYTHON_COMMON\Python313\bin;C:\Program Files\MariaDB 10.11\bin;C:\WORKS\WORKS_JAVA_COMMON\JDK\openjdk_temurin\jdk-17.0.15+6\bin;C:\WORKS\WORKS_JAVA_COMMON\UTIL\apache-maven-3.9.9\bin;c:\windows\system32;c:\windows;c:\windows\system32\wbem;c:\windows\system32\windowspowershell\v1.0\;c:\windows\system32\openssh\;c:\program files\bandizip\;c:\program files\winmerge;c:\program files\git\cmd;C:\Program Files (x86)\NVIDIA Corporation\PhysX\Common;C:\WINDOWS\system32;C:\WINDOWS;C:\WINDOWS\System32\Wbem;C:\WINDOWS\System32\WindowsPowerShell\v1.0\;C:\WINDOWS\System32\OpenSSH\;C:\Program Files\NVIDIA Corporation\NVIDIA app\NvDLISR;C:\Program Files\WinMerge;C:\Program Files\TortoiseGit\bin;C:\WORKS\WORKS_SONARQUBE\sonar-scanner-6.2.1.4610-windows-x64\bin;C:\Program Files\PuTTY\;C:\Program Files\Microsoft SQL Server\150\Tools\Binn\;C:\Program Files\Microsoft SQL Server\Client SDK\ODBC\170\Tools\Binn\;C:\Program Files (x86)\Windows Kits\10\Windows Performance Toolkit\;C:\ProgramData\chocolatey\bin;C:\Program Files\Git\cmd;C:\Program Files\dotnet\;C:\Program Files\nodejs\;C:\Program Files (x86)\NetSarang\Xshell 8\;C:\Users\colaman\scoop\shims;C:\Users\colaman\AppData\Local\Microsoft\WindowsApps;C:\Users\colaman\AppData\Local\Programs\Microsoft VS Code\bin;C:\WORKS\WORKS_INTELLIJ\JetBrains\IntelliJ IDEA 2023.2\bin;C:\Users\colaman\AppData\Local\Programs\Fiddler;C:\Users\colaman\AppData\Local\Microsoft\WindowsApps;C:\Users\colaman\.dotnet\tools;C:\WORKS\WORKS_CLION\JetBrains\CLion 2025.1.2\bin;C:\Users\colaman\AppData\Roaming\npm;."/>
    <property name="java.vm.info" value="mixed mode, sharing"/>
    <property name="java.vendor" value="Eclipse Adoptium"/>
    <property name="java.vm.version" value="17.0.15+6"/>
    <property name="java.specification.maintenance.version" value="1"/>
    <property name="sun.io.unicode.encoding" value="UnicodeLittle"/>
    <property name="maven.repo.local" value="C:\Users\colaman\.m2\repository"/>
    <property name="java.class.version" value="61.0"/>
  </properties>
  <testcase name="testApp" classname="com.colamanlabs.netty.AppTest" time="0.002"/>
</testsuite>